# JRE version: OpenJDK Runtime Environment Temurin-21.0.6+7 (21.0.6+7) (build 21.0.6+7-LTS)
# Java VM: OpenJDK 64-Bit Server VM Temurin-21.0.6+7 (21.0.6+7-LTS, mixed mode, sharing, tiered, compressed oops, compressed class ptrs, parallel gc, windows-amd64)
GC Precious Log:
 CardTable entry size: 512
 CPUs: 4 total, 4 available
 Memory: 4054M
 Large Page Support: Disabled
 NUMA Support: Disabled
 Compressed Oops: Enabled (32-bit)
 Alignments: Space 512K, Generation 512K, Heap 2M
 Heap Min Capacity: 100M
 Heap Initial Capacity: 100M
 Heap Max Capacity: 1G
 Pre-touch: Disabled
 Parallel Workers: 4
Heap:
 PSYoungGen      total 2560K, used 2528K [0x00000000eab00000, 0x00000000eaf00000, 0x0000000100000000)
  eden space 2048K, 100% used [0x00000000eab00000,0x00000000ead00000,0x00000000ead00000)
  from space 512K, 93% used [0x00000000ead00000,0x00000000ead78000,0x00000000ead80000)
  to   space 1024K, 49% used [0x00000000eae00000,0x00000000eae7eaa8,0x00000000eaf00000)
 ParOldGen       total 249344K, used 225717K [0x00000000c0000000, 0x00000000cf380000, 0x00000000eab00000)
  object space 249344K, 90% used [0x00000000c0000000,0x00000000cdc6d748,0x00000000cf380000)
 Metaspace       used 64999K, committed 66624K, reserved 1114112K
  class space    used 6621K, committed 7360K, reserved 1048576K
GC Heap History (20 events):
Event: 57.745 GC heap before
{Heap before GC invocations=352 (full 3):
 PSYoungGen      total 2048K, used 1920K [0x00000000eab00000, 0x00000000eae00000, 0x0000000100000000)
  eden space 1536K, 100% used [0x00000000eab00000,0x00000000eac80000,0x00000000eac80000)
  from space 512K, 75% used [0x00000000ead80000,0x00000000eade0000,0x00000000eae00000)
  to   space 512K, 0% used [0x00000000eac80000,0x00000000eac80000,0x00000000ead00000)
 ParOldGen       total 267264K, used 267126K [0x00000000c0000000, 0x00000000d0500000, 0x00000000eab00000)
  object space 267264K, 99% used [0x00000000c0000000,0x00000000d04dda90,0x00000000d0500000)
 Metaspace       used 64934K, committed 66560K, reserved 1114112K
  class space    used 6620K, committed 7360K, reserved 1048576K
}
Event: 57.747 GC heap after
{Heap after GC invocations=352 (full 3):
 PSYoungGen      total 2048K, used 352K [0x00000000eab00000, 0x00000000eae00000, 0x0000000100000000)
  eden space 1536K, 0% used [0x00000000eab00000,0x00000000eab00000,0x00000000eac80000)
  from space 512K, 68% used [0x00000000eac80000,0x00000000eacd8000,0x00000000ead00000)
  to   space 512K, 0% used [0x00000000ead80000,0x00000000ead80000,0x00000000eae00000)
 ParOldGen       total 267776K, used 267499K [0x00000000c0000000, 0x00000000d0580000, 0x00000000eab00000)
  object space 267776K, 99% used [0x00000000c0000000,0x00000000d053af00,0x00000000d0580000)
 Metaspace       used 64934K, committed 66560K, reserved 1114112K
  class space    used 6620K, committed 7360K, reserved 1048576K
}
Event: 57.775 GC heap before
{Heap before GC invocations=353 (full 3):
 PSYoungGen      total 2048K, used 1888K [0x00000000eab00000, 0x00000000eae00000, 0x0000000100000000)
  eden space 1536K, 100% used [0x00000000eab00000,0x00000000eac80000,0x00000000eac80000)
  from space 512K, 68% used [0x00000000eac80000,0x00000000eacd8000,0x00000000ead00000)
  to   space 512K, 0% used [0x00000000ead80000,0x00000000ead80000,0x00000000eae00000)
 ParOldGen       total 267776K, used 267499K [0x00000000c0000000, 0x00000000d0580000, 0x00000000eab00000)
  object space 267776K, 99% used [0x00000000c0000000,0x00000000d053af00,0x00000000d0580000)
 Metaspace       used 64934K, committed 66560K, reserved 1114112K
  class space    used 6620K, committed 7360K, reserved 1048576K
}
Event: 57.777 GC heap after
{Heap after GC invocations=353 (full 3):
 PSYoungGen      total 2048K, used 372K [0x00000000eab00000, 0x00000000eae00000, 0x0000000100000000)
  eden space 1536K, 0% used [0x00000000eab00000,0x00000000eab00000,0x00000000eac80000)
  from space 512K, 72% used [0x00000000ead80000,0x00000000eaddd048,0x00000000eae00000)
  to   space 512K, 0% used [0x00000000eac80000,0x00000000eac80000,0x00000000ead00000)
 ParOldGen       total 268288K, used 267805K [0x00000000c0000000, 0x00000000d0600000, 0x00000000eab00000)
  object space 268288K, 99% used [0x00000000c0000000,0x00000000d05875e8,0x00000000d0600000)
 Metaspace       used 64934K, committed 66560K, reserved 1114112K
  class space    used 6620K, committed 7360K, reserved 1048576K
}
Event: 57.795 GC heap before
{Heap before GC invocations=354 (full 3):
 PSYoungGen      total 2048K, used 1908K [0x00000000eab00000, 0x00000000eae00000, 0x0000000100000000)
  eden space 1536K, 100% used [0x00000000eab00000,0x00000000eac80000,0x00000000eac80000)
  from space 512K, 72% used [0x00000000ead80000,0x00000000eaddd048,0x00000000eae00000)
  to   space 512K, 0% used [0x00000000eac80000,0x00000000eac80000,0x00000000ead00000)
 ParOldGen       total 268288K, used 267805K [0x00000000c0000000, 0x00000000d0600000, 0x00000000eab00000)
  object space 268288K, 99% used [0x00000000c0000000,0x00000000d05875e8,0x00000000d0600000)
 Metaspace       used 64934K, committed 66560K, reserved 1114112K
  class space    used 6620K, committed 7360K, reserved 1048576K
}
Event: 57.798 GC heap after
{Heap after GC invocations=354 (full 3):
 PSYoungGen      total 2048K, used 446K [0x00000000eab00000, 0x00000000eae00000, 0x0000000100000000)
  eden space 1536K, 0% used [0x00000000eab00000,0x00000000eab00000,0x00000000eac80000)
  from space 512K, 87% used [0x00000000eac80000,0x00000000eacef9e0,0x00000000ead00000)
  to   space 512K, 0% used [0x00000000ead80000,0x00000000ead80000,0x00000000eae00000)
 ParOldGen       total 268288K, used 268136K [0x00000000c0000000, 0x00000000d0600000, 0x00000000eab00000)
  object space 268288K, 99% used [0x00000000c0000000,0x00000000d05da1a0,0x00000000d0600000)
 Metaspace       used 64934K, committed 66560K, reserved 1114112K
  class space    used 6620K, committed 7360K, reserved 1048576K
}
Event: 57.832 GC heap before
{Heap before GC invocations=355 (full 3):
 PSYoungGen      total 2048K, used 1982K [0x00000000eab00000, 0x00000000eae00000, 0x0000000100000000)
  eden space 1536K, 99% used [0x00000000eab00000,0x00000000eac7ffc0,0x00000000eac80000)
  from space 512K, 87% used [0x00000000eac80000,0x00000000eacef9e0,0x00000000ead00000)
  to   space 512K, 0% used [0x00000000ead80000,0x00000000ead80000,0x00000000eae00000)
 ParOldGen       total 268288K, used 268136K [0x00000000c0000000, 0x00000000d0600000, 0x00000000eab00000)
  object space 268288K, 99% used [0x00000000c0000000,0x00000000d05da1a0,0x00000000d0600000)
 Metaspace       used 64935K, committed 66560K, reserved 1114112K
  class space    used 6620K, committed 7360K, reserved 1048576K
}
Event: 57.834 GC heap after
{Heap after GC invocations=355 (full 3):
 PSYoungGen      total 2048K, used 502K [0x00000000eab00000, 0x00000000eae80000, 0x0000000100000000)
  eden space 1536K, 0% used [0x00000000eab00000,0x00000000eab00000,0x00000000eac80000)
  from space 512K, 98% used [0x00000000ead80000,0x00000000eadfd938,0x00000000eae00000)
  to   space 1024K, 0% used [0x00000000eac80000,0x00000000eac80000,0x00000000ead80000)
 ParOldGen       total 268800K, used 268496K [0x00000000c0000000, 0x00000000d0680000, 0x00000000eab00000)
  object space 268800K, 99% used [0x00000000c0000000,0x00000000d0634290,0x00000000d0680000)
 Metaspace       used 64935K, committed 66560K, reserved 1114112K
  class space    used 6620K, committed 7360K, reserved 1048576K
}
Event: 57.892 GC heap before
{Heap before GC invocations=356 (full 3):
 PSYoungGen      total 2048K, used 2028K [0x00000000eab00000, 0x00000000eae80000, 0x0000000100000000)
  eden space 1536K, 99% used [0x00000000eab00000,0x00000000eac7d938,0x00000000eac80000)
  from space 512K, 98% used [0x00000000ead80000,0x00000000eadfd938,0x00000000eae00000)
  to   space 1024K, 0% used [0x00000000eac80000,0x00000000eac80000,0x00000000ead80000)
 ParOldGen       total 268800K, used 268496K [0x00000000c0000000, 0x00000000d0680000, 0x00000000eab00000)
  object space 268800K, 99% used [0x00000000c0000000,0x00000000d0634290,0x00000000d0680000)
 Metaspace       used 64943K, committed 66560K, reserved 1114112K
  class space    used 6620K, committed 7360K, reserved 1048576K
}
Event: 57.896 GC heap after
{Heap after GC invocations=356 (full 3):
 PSYoungGen      total 2560K, used 531K [0x00000000eab00000, 0x00000000eae80000, 0x0000000100000000)
  eden space 1536K, 0% used [0x00000000eab00000,0x00000000eab00000,0x00000000eac80000)
  from space 1024K, 51% used [0x00000000eac80000,0x00000000ead04c20,0x00000000ead80000)
  to   space 1024K, 0% used [0x00000000ead80000,0x00000000ead80000,0x00000000eae80000)
 ParOldGen       total 269312K, used 268915K [0x00000000c0000000, 0x00000000d0700000, 0x00000000eab00000)
  object space 269312K, 99% used [0x00000000c0000000,0x00000000d069cc18,0x00000000d0700000)
 Metaspace       used 64943K, committed 66560K, reserved 1114112K
  class space    used 6620K, committed 7360K, reserved 1048576K
}
Event: 57.915 GC heap before
{Heap before GC invocations=357 (full 3):
 PSYoungGen      total 2560K, used 2067K [0x00000000eab00000, 0x00000000eae80000, 0x0000000100000000)
  eden space 1536K, 99% used [0x00000000eab00000,0x00000000eac7fff0,0x00000000eac80000)
  from space 1024K, 51% used [0x00000000eac80000,0x00000000ead04c20,0x00000000ead80000)
  to   space 1024K, 0% used [0x00000000ead80000,0x00000000ead80000,0x00000000eae80000)
 ParOldGen       total 269312K, used 268915K [0x00000000c0000000, 0x00000000d0700000, 0x00000000eab00000)
  object space 269312K, 99% used [0x00000000c0000000,0x00000000d069cc18,0x00000000d0700000)
 Metaspace       used 64949K, committed 66560K, reserved 1114112K
  class space    used 6620K, committed 7360K, reserved 1048576K
}
Event: 57.918 GC heap after
{Heap after GC invocations=357 (full 3):
 PSYoungGen      total 2048K, used 373K [0x00000000eab00000, 0x00000000eae00000, 0x0000000100000000)
  eden space 1536K, 0% used [0x00000000eab00000,0x00000000eab00000,0x00000000eac80000)
  from space 512K, 72% used [0x00000000ead80000,0x00000000eaddd5c0,0x00000000eae00000)
  to   space 512K, 0% used [0x00000000ead00000,0x00000000ead00000,0x00000000ead80000)
 ParOldGen       total 269824K, used 269339K [0x00000000c0000000, 0x00000000d0780000, 0x00000000eab00000)
  object space 269824K, 99% used [0x00000000c0000000,0x00000000d0706f38,0x00000000d0780000)
 Metaspace       used 64949K, committed 66560K, reserved 1114112K
  class space    used 6620K, committed 7360K, reserved 1048576K
}
Event: 57.941 GC heap before
{Heap before GC invocations=358 (full 3):
 PSYoungGen      total 2048K, used 1909K [0x00000000eab00000, 0x00000000eae00000, 0x0000000100000000)
  eden space 1536K, 100% used [0x00000000eab00000,0x00000000eac80000,0x00000000eac80000)
  from space 512K, 72% used [0x00000000ead80000,0x00000000eaddd5c0,0x00000000eae00000)
  to   space 512K, 0% used [0x00000000ead00000,0x00000000ead00000,0x00000000ead80000)
 ParOldGen       total 269824K, used 269339K [0x00000000c0000000, 0x00000000d0780000, 0x00000000eab00000)
  object space 269824K, 99% used [0x00000000c0000000,0x00000000d0706f38,0x00000000d0780000)
 Metaspace       used 64977K, committed 66624K, reserved 1114112K
  class space    used 6620K, committed 7360K, reserved 1048576K
}
Event: 57.943 GC heap after
{Heap after GC invocations=358 (full 3):
 PSYoungGen      total 2048K, used 512K [0x00000000eab00000, 0x00000000eae80000, 0x0000000100000000)
  eden space 1536K, 0% used [0x00000000eab00000,0x00000000eab00000,0x00000000eac80000)
  from space 512K, 100% used [0x00000000ead00000,0x00000000ead80000,0x00000000ead80000)
  to   space 1024K, 0% used [0x00000000ead80000,0x00000000ead80000,0x00000000eae80000)
 ParOldGen       total 269824K, used 269693K [0x00000000c0000000, 0x00000000d0780000, 0x00000000eab00000)
  object space 269824K, 99% used [0x00000000c0000000,0x00000000d075f618,0x00000000d0780000)
 Metaspace       used 64977K, committed 66624K, reserved 1114112K
  class space    used 6620K, committed 7360K, reserved 1048576K
}
Event: 57.973 GC heap before
{Heap before GC invocations=359 (full 3):
 PSYoungGen      total 2048K, used 2048K [0x00000000eab00000, 0x00000000eae80000, 0x0000000100000000)
  eden space 1536K, 100% used [0x00000000eab00000,0x00000000eac80000,0x00000000eac80000)
  from space 512K, 100% used [0x00000000ead00000,0x00000000ead80000,0x00000000ead80000)
  to   space 1024K, 0% used [0x00000000ead80000,0x00000000ead80000,0x00000000eae80000)
 ParOldGen       total 269824K, used 269693K [0x00000000c0000000, 0x00000000d0780000, 0x00000000eab00000)
  object space 269824K, 99% used [0x00000000c0000000,0x00000000d075f618,0x00000000d0780000)
 Metaspace       used 64986K, committed 66624K, reserved 1114112K
  class space    used 6620K, committed 7360K, reserved 1048576K
}
Event: 57.978 GC heap after
{Heap after GC invocations=359 (full 3):
 PSYoungGen      total 2048K, used 2048K [0x00000000eab00000, 0x00000000eae80000, 0x0000000100000000)
  eden space 1536K, 100% used [0x00000000eab00000,0x00000000eac80000,0x00000000eac80000)
  from space 512K, 100% used [0x00000000ead00000,0x00000000ead80000,0x00000000ead80000)
  to   space 1024K, 41% used [0x00000000ead80000,0x00000000eade9378,0x00000000eae80000)
 ParOldGen       total 270336K, used 270146K [0x00000000c0000000, 0x00000000d0800000, 0x00000000eab00000)
  object space 270336K, 99% used [0x00000000c0000000,0x00000000d07d0b80,0x00000000d0800000)
 Metaspace       used 64986K, committed 66624K, reserved 1114112K
  class space    used 6620K, committed 7360K, reserved 1048576K
}
Event: 57.984 GC heap before
{Heap before GC invocations=360 (full 4):
 PSYoungGen      total 2048K, used 2048K [0x00000000eab00000, 0x00000000eae80000, 0x0000000100000000)
  eden space 1536K, 100% used [0x00000000eab00000,0x00000000eac80000,0x00000000eac80000)
  from space 512K, 100% used [0x00000000ead00000,0x00000000ead80000,0x00000000ead80000)
  to   space 1024K, 41% used [0x00000000ead80000,0x00000000eade9378,0x00000000eae80000)
 ParOldGen       total 270336K, used 270146K [0x00000000c0000000, 0x00000000d0800000, 0x00000000eab00000)
  object space 270336K, 99% used [0x00000000c0000000,0x00000000d07d0b80,0x00000000d0800000)
 Metaspace       used 64986K, committed 66624K, reserved 1114112K
  class space    used 6620K, committed 7360K, reserved 1048576K
}
Event: 59.518 GC heap after
{Heap after GC invocations=360 (full 4):
 PSYoungGen      total 2560K, used 0K [0x00000000eab00000, 0x00000000eae80000, 0x0000000100000000)
  eden space 1536K, 0% used [0x00000000eab00000,0x00000000eab00000,0x00000000eac80000)
  from space 1024K, 0% used [0x00000000ead80000,0x00000000ead80000,0x00000000eae80000)
  to   space 1024K, 0% used [0x00000000eac80000,0x00000000eac80000,0x00000000ead80000)
 ParOldGen       total 249344K, used 223882K [0x00000000c0000000, 0x00000000cf380000, 0x00000000eab00000)
  object space 249344K, 89% used [0x00000000c0000000,0x00000000cdaa2ac8,0x00000000cf380000)
 Metaspace       used 64986K, committed 66624K, reserved 1114112K
  class space    used 6620K, committed 7360K, reserved 1048576K
}
Event: 59.610 GC heap before
{Heap before GC invocations=361 (full 4):
 PSYoungGen      total 2560K, used 1536K [0x00000000eab00000, 0x00000000eae80000, 0x0000000100000000)
  eden space 1536K, 100% used [0x00000000eab00000,0x00000000eac80000,0x00000000eac80000)
  from space 1024K, 0% used [0x00000000ead80000,0x00000000ead80000,0x00000000eae80000)
  to   space 1024K, 0% used [0x00000000eac80000,0x00000000eac80000,0x00000000ead80000)
 ParOldGen       total 249344K, used 223882K [0x00000000c0000000, 0x00000000cf380000, 0x00000000eab00000)
  object space 249344K, 89% used [0x00000000c0000000,0x00000000cdaa2ac8,0x00000000cf380000)
 Metaspace       used 64986K, committed 66624K, reserved 1114112K
  class space    used 6620K, committed 7360K, reserved 1048576K
}
Event: 59.619 GC heap after
{Heap after GC invocations=361 (full 4):
 PSYoungGen      total 2560K, used 360K [0x00000000eab00000, 0x00000000eae00000, 0x0000000100000000)
  eden space 1536K, 0% used [0x00000000eab00000,0x00000000eab00000,0x00000000eac80000)
  from space 1024K, 35% used [0x00000000eac80000,0x00000000eacda360,0x00000000ead80000)
  to   space 512K, 0% used [0x00000000ead80000,0x00000000ead80000,0x00000000eae00000)
 ParOldGen       total 249344K, used 223882K [0x00000000c0000000, 0x00000000cf380000, 0x00000000eab00000)
  object space 249344K, 89% used [0x00000000c0000000,0x00000000cdaa2ac8,0x00000000cf380000)
 Metaspace       used 64986K, committed 66624K, reserved 1114112K
  class space    used 6620K, committed 7360K, reserved 1048576K
}

